<?xml version="1.0" encoding="UTF-8"?>
<!-- Generated by org.testng.reporters.JUnitXMLReporter -->
<testsuite ignored="4" hostname="Yamini-2212" failures="0" tests="4" name="Default test" time="44.684" errors="0" timestamp="14 Sep 2022 16:04:57 GMT">
  <testcase classname="TestCase.TestCase" name="searchHotel" time="1.415"/>
  <testcase classname="TestCase.TestCase" name="selectHotel" time="1.019"/>
  <testcase classname="TestCase.TestCase" name="bookAHotel" time="1.05"/>
  <testcase classname="TestCase.TestCase" name="printOrderNo" time="7.046"/>
  <testcase classname="Base.Base" name="@AfterSuite timeStamp01" time="0.0">
    <ignored/>
  </testcase> <!-- @AfterSuite timeStamp01 -->
  <testcase classname="Base.Base" name="@BeforeTest driverIni" time="0.0">
    <ignored/>
  </testcase> <!-- @BeforeTest driverIni -->
  <testcase classname="Base.Base" name="@BeforeSuite timeStamp" time="0.0">
    <ignored/>
  </testcase> <!-- @BeforeSuite timeStamp -->
  <testcase classname="Base.Base" name="@AfterTest driverClose" time="0.0">
    <ignored/>
  </testcase> <!-- @AfterTest driverClose -->
</testsuite> <!-- Default test -->
