<?xml version="1.0" encoding="UTF-8"?>
<testng-results ignored="4" total="8" passed="4" failed="0" skipped="0">
  <reporter-output>
  </reporter-output>
  <suite started-at="2022-09-14T16:04:13Z" name="Default suite" finished-at="2022-09-14T16:04:57Z" duration-ms="44684">
    <groups>
    </groups>
    <test started-at="2022-09-14T16:04:13Z" name="Default test" finished-at="2022-09-14T16:04:57Z" duration-ms="44684">
      <class name="TestCase.TestCase">
        <test-method is-config="true" signature="timeStamp()[pri:0, instance:TestCase.TestCase@71329995]" started-at="2022-09-14T16:04:13Z" name="timeStamp" finished-at="2022-09-14T16:04:13Z" duration-ms="73" status="PASS">
          <reporter-output>
          </reporter-output>
        </test-method> <!-- timeStamp -->
        <test-method is-config="true" signature="driverIni()[pri:0, instance:TestCase.TestCase@71329995]" started-at="2022-09-14T16:04:13Z" name="driverIni" finished-at="2022-09-14T16:04:14Z" duration-ms="1576" status="PASS">
          <reporter-output>
          </reporter-output>
        </test-method> <!-- driverIni -->
        <test-method is-config="true" signature="login()[pri:0, instance:TestCase.TestCase@71329995]" started-at="2022-09-14T16:04:14Z" name="login" finished-at="2022-09-14T16:04:47Z" duration-ms="32454" status="PASS">
          <reporter-output>
          </reporter-output>
        </test-method> <!-- login -->
        <test-method signature="searchHotel()[pri:0, instance:TestCase.TestCase@71329995]" started-at="2022-09-14T16:04:47Z" name="searchHotel" finished-at="2022-09-14T16:04:48Z" duration-ms="1415" status="PASS">
          <reporter-output>
          </reporter-output>
        </test-method> <!-- searchHotel -->
        <test-method signature="selectHotel()[pri:1, instance:TestCase.TestCase@71329995]" started-at="2022-09-14T16:04:48Z" name="selectHotel" finished-at="2022-09-14T16:04:49Z" duration-ms="1019" status="PASS">
          <reporter-output>
          </reporter-output>
        </test-method> <!-- selectHotel -->
        <test-method signature="bookAHotel()[pri:2, instance:TestCase.TestCase@71329995]" started-at="2022-09-14T16:04:49Z" name="bookAHotel" finished-at="2022-09-14T16:04:50Z" duration-ms="1050" status="PASS">
          <reporter-output>
          </reporter-output>
        </test-method> <!-- bookAHotel -->
        <test-method signature="printOrderNo()[pri:3, instance:TestCase.TestCase@71329995]" started-at="2022-09-14T16:04:50Z" name="printOrderNo" finished-at="2022-09-14T16:04:57Z" duration-ms="7046" status="PASS">
          <reporter-output>
          </reporter-output>
        </test-method> <!-- printOrderNo -->
        <test-method is-config="true" signature="driverClose()[pri:0, instance:TestCase.TestCase@71329995]" started-at="2022-09-14T16:04:57Z" name="driverClose" finished-at="2022-09-14T16:04:57Z" duration-ms="83" status="PASS">
          <reporter-output>
          </reporter-output>
        </test-method> <!-- driverClose -->
        <test-method is-config="true" signature="timeStamp01()[pri:0, instance:TestCase.TestCase@71329995]" started-at="2022-09-14T16:04:57Z" name="timeStamp01" finished-at="2022-09-14T16:04:57Z" duration-ms="1" status="PASS">
          <reporter-output>
          </reporter-output>
        </test-method> <!-- timeStamp01 -->
      </class> <!-- TestCase.TestCase -->
    </test> <!-- Default test -->
  </suite> <!-- Default suite -->
</testng-results>
